Using pre-set license

 COMMAND LINE ARGUMENTS:
/Applications/Unity/Hub/Editor/2020.3.6f1c1/Unity.app/Contents/MacOS/Unity
-adb2
-batchMode
-noUpm
-name
AssetImportWorker0
-projectPath
/Users/zeyongshan/Documents/GitHub/GameJam2021-07/2dGame
-logFile
Logs/AssetImportWorker0.log
-srvPort
60160
Successfully changed project path to: /Users/zeyongshan/Documents/GitHub/GameJam2021-07/2dGame
/Users/zeyongshan/Documents/GitHub/GameJam2021-07/2dGame
Using Asset Import Pipeline V2.
Refreshing native plugins compatible for Editor in 55.44 ms, found 2 plugins.
Preloading 0 native plugins for Editor in 0.00 ms.
Initialize engine version: 2020.3.6f1c1 (c884b0ebb9b3)
[Subsystems] Discovering subsystems at path /Applications/Unity/Hub/Editor/2020.3.6f1c1/Unity.app/Contents/Resources/UnitySubsystems
[Subsystems] Discovering subsystems at path /Users/zeyongshan/Documents/GitHub/GameJam2021-07/2dGame/Assets
GfxDevice: creating device client; threaded=0
2021-07-10 11:51:48.838 Unity[26791:963071] iMac preferred device: AMD Radeon Pro 575 (high power)
2021-07-10 11:51:48.838 Unity[26791:963071] Metal devices available: 1
2021-07-10 11:51:48.838 Unity[26791:963071] 0: AMD Radeon Pro 575 (high power)
2021-07-10 11:51:48.839 Unity[26791:963071] Using device AMD Radeon Pro 575 (high power)
Initializing Metal device caps: AMD Radeon Pro 575
Initialize mono
Mono path[0] = '/Applications/Unity/Hub/Editor/2020.3.6f1c1/Unity.app/Contents/Managed'
Mono path[1] = '/Applications/Unity/Hub/Editor/2020.3.6f1c1/Unity.app/Contents/MonoBleedingEdge/lib/mono/unityjit'
Mono config path = '/Applications/Unity/Hub/Editor/2020.3.6f1c1/Unity.app/Contents/MonoBleedingEdge/etc'
Using monoOptions --debugger-agent=transport=dt_socket,embedding=1,server=y,suspend=n,address=127.0.0.1:56791
Begin MonoManager ReloadAssembly
Registering precompiled unity dll's ...
Register platform support module: /Applications/Unity/Hub/Editor/2020.3.6f1c1/Unity.app/Contents/PlaybackEngines/MacStandaloneSupport/UnityEditor.OSXStandalone.Extensions.dll
Register platform support module: /Applications/Unity/Hub/Editor/2020.3.6f1c1/PlaybackEngines/WindowsStandaloneSupport/UnityEditor.WindowsStandalone.Extensions.dll
Registered in 0.000825 seconds.
Native extension for WindowsStandalone target not found
Native extension for OSXStandalone target not found
Refreshing native plugins compatible for Editor in 59.05 ms, found 2 plugins.
Preloading 0 native plugins for Editor in 0.00 ms.
Mono: successfully reloaded assembly
- Completed reload, in  3.174 seconds
Platform modules already initialized, skipping
Registering precompiled user dll's ...
Registered in 0.000990 seconds.
Begin MonoManager ReloadAssembly
Native extension for WindowsStandalone target not found
Native extension for OSXStandalone target not found
Refreshing native plugins compatible for Editor in 67.53 ms, found 2 plugins.
Preloading 0 native plugins for Editor in 0.00 ms.
Mono: successfully reloaded assembly
- Completed reload, in  1.319 seconds
Platform modules already initialized, skipping
========================================================================
Worker process is ready to serve import requests
Shader 'Universal Render Pipeline/Particles/Lit': fallback shader 'Universal Render Pipeline/Particles/SimpleLit' not found
Shader 'Universal Render Pipeline/Particles/Lit': fallback shader 'Universal Render Pipeline/Particles/SimpleLit' not found
Launching external process: /Applications/Unity/Hub/Editor/2020.3.6f1c1/Unity.app/Contents/Tools/UnityShaderCompiler
Launched and connected shader compiler UnityShaderCompiler after 0.01 seconds
Refreshing native plugins compatible for Editor in 0.54 ms, found 2 plugins.
Preloading 0 native plugins for Editor in 0.00 ms.
Unloading 3343 Unused Serialized files (Serialized files now loaded: 0)
System memory in use before: 225.2 MB.
System memory in use after: 221.0 MB.

Unloading 85 unused Assets to reduce memory usage. Loaded Objects now: 3732.
Total: 4.201102 ms (FindLiveObjects: 0.328412 ms CreateObjectMapping: 0.166995 ms MarkObjects: 1.845742 ms  DeleteObjects: 1.859178 ms)

========================================================================
Received Import Request.
  path: Assets/Scenes
  artifactKey: Guid(8cce63c0f2ba143fe8ac9cff1ca1e836) Importer(815301076,1909f56bfc062723c751e8b465ee728b)
Start importing Assets/Scenes using Guid(8cce63c0f2ba143fe8ac9cff1ca1e836) Importer(815301076,1909f56bfc062723c751e8b465ee728b)  -> (artifact id: '5781d18b1331b034044690c62afad73c') in 0.004534 seconds
  Import took 0.008661 seconds .

========================================================================
Received Prepare
Registering precompiled user dll's ...
Registered in 0.001271 seconds.
Begin MonoManager ReloadAssembly
Native extension for WindowsStandalone target not found
Native extension for OSXStandalone target not found
Refreshing native plugins compatible for Editor in 0.56 ms, found 2 plugins.
Preloading 0 native plugins for Editor in 0.00 ms.
Mono: successfully reloaded assembly
- Completed reload, in  1.069 seconds
Platform modules already initialized, skipping
Shader 'Universal Render Pipeline/Particles/Lit': fallback shader 'Universal Render Pipeline/Particles/SimpleLit' not found
Shader 'Universal Render Pipeline/Particles/Lit': fallback shader 'Universal Render Pipeline/Particles/SimpleLit' not found
Refreshing native plugins compatible for Editor in 0.53 ms, found 2 plugins.
Preloading 0 native plugins for Editor in 0.00 ms.
Unloading 3409 Unused Serialized files (Serialized files now loaded: 0)
System memory in use before: 231.3 MB.
System memory in use after: 228.1 MB.

Unloading 52 unused Assets to reduce memory usage. Loaded Objects now: 3826.
Total: 4.107761 ms (FindLiveObjects: 0.323955 ms CreateObjectMapping: 0.116275 ms MarkObjects: 1.984754 ms  DeleteObjects: 1.682020 ms)

========================================================================
Received Import Request.
  Time since last request: 74.655740 seconds.
  path: Assets/Scenes/SampleScene.unity
  artifactKey: Guid(9fc0d4010bbf28b4594072e72b8655ab) Importer(815301076,1909f56bfc062723c751e8b465ee728b)
Start importing Assets/Scenes/SampleScene.unity using Guid(9fc0d4010bbf28b4594072e72b8655ab) Importer(815301076,1909f56bfc062723c751e8b465ee728b)  -> (artifact id: '4fa869c738fa8c17acb6bbcdc65257ed') in 0.013336 seconds
  Import took 0.018610 seconds .

========================================================================
Received Prepare
Registering precompiled user dll's ...
Registered in 0.001791 seconds.
Begin MonoManager ReloadAssembly
Native extension for WindowsStandalone target not found
Native extension for OSXStandalone target not found
Refreshing native plugins compatible for Editor in 1.16 ms, found 2 plugins.
Preloading 0 native plugins for Editor in 0.00 ms.
Mono: successfully reloaded assembly
- Completed reload, in  2.164 seconds
Platform modules already initialized, skipping
Shader 'Universal Render Pipeline/Particles/Lit': fallback shader 'Universal Render Pipeline/Particles/SimpleLit' not found
Shader 'Universal Render Pipeline/Particles/Lit': fallback shader 'Universal Render Pipeline/Particles/SimpleLit' not found
Refreshing native plugins compatible for Editor in 0.97 ms, found 2 plugins.
Preloading 0 native plugins for Editor in 0.00 ms.
Unloading 3343 Unused Serialized files (Serialized files now loaded: 0)
System memory in use before: 228.4 MB.
System memory in use after: 225.1 MB.

Unloading 52 unused Assets to reduce memory usage. Loaded Objects now: 3832.
Total: 7.529721 ms (FindLiveObjects: 0.648276 ms CreateObjectMapping: 0.304732 ms MarkObjects: 3.798091 ms  DeleteObjects: 2.776700 ms)

========================================================================
Received Import Request.
  Time since last request: 41.225141 seconds.
  path: Assets/Scenes/Main.unity
  artifactKey: Guid(a2b58d8c2e473104380da39b8eb2a7e5) Importer(815301076,1909f56bfc062723c751e8b465ee728b)
Start importing Assets/Scenes/Main.unity using Guid(a2b58d8c2e473104380da39b8eb2a7e5) Importer(815301076,1909f56bfc062723c751e8b465ee728b)  -> (artifact id: '73acb30b1c2437c311b921d4caff9d71') in 0.014028 seconds
  Import took 0.019142 seconds .

========================================================================
Received Import Request.
  Time since last request: 298.813157 seconds.
  path: Assets/Arts
  artifactKey: Guid(c5a413eabf5ef498fa624def239785bc) Importer(815301076,1909f56bfc062723c751e8b465ee728b)
Start importing Assets/Arts using Guid(c5a413eabf5ef498fa624def239785bc) Importer(815301076,1909f56bfc062723c751e8b465ee728b)  -> (artifact id: '88dc8e01575b02a8a91b7facebad6677') in 0.001341 seconds
  Import took 0.007177 seconds .

